<?xml version="1.0" encoding="utf-8"?><testsuites><testsuite name="pytest" errors="0" failures="0" skipped="0" tests="7" time="0.520" timestamp="2025-02-17T09:32:22.668697" hostname="Bonnies-MacBook-Pro-5.local"><testcase classname="test" name="test_exists" time="0.000" /><testcase classname="test" name="test_usage" time="0.134" /><testcase classname="test" name="test_defaults" time="0.047" /><testcase classname="test" name="test_greeting" time="0.091" /><testcase classname="test" name="test_name" time="0.093" /><testcase classname="test" name="test_excited" time="0.094" /><testcase classname="test" name="test_all_options" time="0.046" /></testsuite></testsuites>