<?xml version="1.0" encoding="utf-8"?><testsuites><testsuite name="pytest" errors="0" failures="0" skipped="0" tests="12" time="0.640" timestamp="2025-02-17T09:32:39.388454" hostname="Bonnies-MacBook-Pro-5.local"><testcase classname="test" name="test_exists" time="0.000" /><testcase classname="test" name="test_usage" time="0.136" /><testcase classname="test" name="test_dies_no_args" time="0.049" /><testcase classname="test" name="test_dies_one_arg" time="0.048" /><testcase classname="test" name="test_dies_three_arg" time="0.048" /><testcase classname="test" name="test_dies_not_numbers" time="0.048" /><testcase classname="test" name="test_dies_div_by_zero" time="0.050" /><testcase classname="test" name="test1" time="0.050" /><testcase classname="test" name="test2" time="0.049" /><testcase classname="test" name="test3" time="0.048" /><testcase classname="test" name="test4" time="0.048" /><testcase classname="test" name="test5" time="0.048" /></testsuite></testsuites>